<?xml version="1.0" encoding="UTF-8"?>
<!-- Generated by org.testng.reporters.JUnitReportReporter -->
<testsuite hostname="Admin-PC" failures="0" tests="4" name="tests.TestKeywords" time="0.000" errors="0" timestamp="2022-03-05T09:45:53 IST" skipped="4">
  <testcase classname="tests.TestKeywords" name="testA" time="0.000">
    <skipped/>
  </testcase> <!-- testA -->
  <system-out/>
  <testcase classname="tests.TestKeywords" name="testX" time="0.000">
    <skipped/>
  </testcase> <!-- testX -->
  <system-out/>
  <testcase classname="tests.TestKeywords" name="testA" time="0.000">
    <skipped/>
  </testcase> <!-- testA -->
  <system-out/>
  <testcase classname="tests.TestKeywords" name="testD">
    <skipped/>
  </testcase> <!-- testD -->
  <system-out/>
</testsuite> <!-- tests.TestKeywords -->
